<?xml version="1.0" encoding="UTF-8"?>
<!-- Generated by org.testng.reporters.JUnitXMLReporter -->
<testsuite hostname="W0472501MSMXT" ignored="0" name="AddCustomertest" tests="2" failures="0" timestamp="2019-12-17T21:00:37 IST" time="5.377" errors="0">
  <testcase name="addCustomerTest" time="3.458" classname="com.w2a.suite.bankmanager.testcases.AddCustomerTest"/>
  <testcase name="addCustomerTest" time="4.914" classname="com.w2a.suite.bankmanager.testcases.AddCustomerTest"/>
</testsuite> <!-- AddCustomertest -->
