<?xml version="1.0" encoding="UTF-8"?>
<!-- Generated by org.testng.reporters.JUnitXMLReporter -->
<testsuite hostname="W0472501MSMXT" ignored="0" name="OpenAccountTest" tests="6" failures="0" timestamp="2019-12-18T11:44:45 IST" time="40.556" errors="0">
  <testcase name="addCustomerTest" time="6.383" classname="com.w2a.suite.bankmanager.testcases.AddCustomerTest"/>
  <testcase name="addCustomerTest" time="9.798" classname="com.w2a.suite.bankmanager.testcases.AddCustomerTest"/>
  <testcase name="addCustomerTest" time="9.847" classname="com.w2a.suite.bankmanager.testcases.AddCustomerTest"/>
  <testcase name="openAccountTest" time="26.212" classname="com.w2a.suite.bankmanager.testcases.OpenAccountTest"/>
  <testcase name="openAccountTest" time="30.282" classname="com.w2a.suite.bankmanager.testcases.OpenAccountTest"/>
  <testcase name="openAccountTest" time="30.39" classname="com.w2a.suite.bankmanager.testcases.OpenAccountTest"/>
</testsuite> <!-- OpenAccountTest -->
