<?xml version="1.0" encoding="UTF-8"?>
<testng-results skipped="0" failed="0" ignored="0" total="9" passed="9">
  <reporter-output>
  </reporter-output>
  <suite name="BankManagerSuite" duration-ms="88156" started-at="2019-12-18T19:25:27 IST" finished-at="2019-12-18T19:26:55 IST">
    <groups>
      <group name="accountCreation">
        <method signature="OpenAccountTest.openAccountTest(java.util.Hashtable)[pri:0, instance:com.w2a.suite.bankmanager.testcases.OpenAccountTest@51b7e5df]" name="openAccountTest" class="com.w2a.suite.bankmanager.testcases.OpenAccountTest"/>
      </group> <!-- accountCreation -->
      <group name="customerCreation">
        <method signature="AddCustomerTest.addCustomerTest(java.util.Hashtable)[pri:0, instance:com.w2a.suite.bankmanager.testcases.AddCustomerTest@ba8d91c]" name="addCustomerTest" class="com.w2a.suite.bankmanager.testcases.AddCustomerTest"/>
        <method signature="AddCustomerTest.addCustomerTest(java.util.Hashtable)[pri:0, instance:com.w2a.suite.bankmanager.testcases.OpenAccountTest@51b7e5df]" name="addCustomerTest" class="com.w2a.suite.bankmanager.testcases.AddCustomerTest"/>
      </group> <!-- customerCreation -->
    </groups>
    <test name="AddCustomertest" duration-ms="13693" started-at="2019-12-18T19:25:27 IST" finished-at="2019-12-18T19:25:41 IST">
      <class name="com.w2a.suite.bankmanager.testcases.AddCustomerTest">
        <test-method status="PASS" signature="addCustomerTest(java.util.Hashtable)[pri:0, instance:com.w2a.suite.bankmanager.testcases.AddCustomerTest@ba8d91c]" name="addCustomerTest" duration-ms="13216" started-at="2019-12-18T19:25:28 IST" data-provider="bankManagerDP" finished-at="2019-12-18T19:25:41 IST">
          <params>
            <param index="0">
              <value>
                <![CDATA[{browser=firefox, postcode=X7878, Runmode=Y, lastname=k, firstname=arnav}]]>
              </value>
            </param>
          </params>
          <reporter-output>
          </reporter-output>
        </test-method> <!-- addCustomerTest -->
        <test-method status="PASS" signature="addCustomerTest(java.util.Hashtable)[pri:0, instance:com.w2a.suite.bankmanager.testcases.AddCustomerTest@ba8d91c]" name="addCustomerTest" duration-ms="10959" started-at="2019-12-18T19:25:28 IST" data-provider="bankManagerDP" finished-at="2019-12-18T19:25:39 IST">
          <params>
            <param index="0">
              <value>
                <![CDATA[{browser=chrome, postcode=P6767, Runmode=Y, lastname=k, firstname=manish}]]>
              </value>
            </param>
          </params>
          <reporter-output>
          </reporter-output>
        </test-method> <!-- addCustomerTest -->
        <test-method status="PASS" signature="addCustomerTest(java.util.Hashtable)[pri:0, instance:com.w2a.suite.bankmanager.testcases.AddCustomerTest@ba8d91c]" name="addCustomerTest" duration-ms="9364" started-at="2019-12-18T19:25:28 IST" data-provider="bankManagerDP" finished-at="2019-12-18T19:25:37 IST">
          <params>
            <param index="0">
              <value>
                <![CDATA[{browser=firefox, postcode=X7878, Runmode=Y, lastname=k, firstname=jyoti}]]>
              </value>
            </param>
          </params>
          <reporter-output>
          </reporter-output>
        </test-method> <!-- addCustomerTest -->
        <test-method status="PASS" signature="tearDown()[pri:0, instance:com.w2a.suite.bankmanager.testcases.AddCustomerTest@ba8d91c]" name="tearDown" is-config="true" duration-ms="371" started-at="2019-12-18T19:25:37 IST" finished-at="2019-12-18T19:25:37 IST">
          <reporter-output>
          </reporter-output>
        </test-method> <!-- tearDown -->
        <test-method status="PASS" signature="tearDown()[pri:0, instance:com.w2a.suite.bankmanager.testcases.AddCustomerTest@ba8d91c]" name="tearDown" is-config="true" duration-ms="114" started-at="2019-12-18T19:25:39 IST" finished-at="2019-12-18T19:25:39 IST">
          <reporter-output>
          </reporter-output>
        </test-method> <!-- tearDown -->
        <test-method status="PASS" signature="tearDown()[pri:0, instance:com.w2a.suite.bankmanager.testcases.AddCustomerTest@ba8d91c]" name="tearDown" is-config="true" duration-ms="94" started-at="2019-12-18T19:25:41 IST" finished-at="2019-12-18T19:25:41 IST">
          <reporter-output>
          </reporter-output>
        </test-method> <!-- tearDown -->
      </class> <!-- com.w2a.suite.bankmanager.testcases.AddCustomerTest -->
    </test> <!-- AddCustomertest -->
    <test name="OpenAccountTest" duration-ms="74424" started-at="2019-12-18T19:25:41 IST" finished-at="2019-12-18T19:26:55 IST">
      <class name="com.w2a.suite.bankmanager.testcases.OpenAccountTest">
        <test-method status="PASS" signature="addCustomerTest(java.util.Hashtable)[pri:0, instance:com.w2a.suite.bankmanager.testcases.OpenAccountTest@51b7e5df]" name="addCustomerTest" duration-ms="6897" started-at="2019-12-18T19:25:41 IST" data-provider="bankManagerDP" finished-at="2019-12-18T19:25:48 IST">
          <params>
            <param index="0">
              <value>
                <![CDATA[{browser=chrome, postcode=P6767, Runmode=Y, lastname=k, firstname=manish}]]>
              </value>
            </param>
          </params>
          <reporter-output>
          </reporter-output>
        </test-method> <!-- addCustomerTest -->
        <test-method status="PASS" signature="addCustomerTest(java.util.Hashtable)[pri:0, instance:com.w2a.suite.bankmanager.testcases.OpenAccountTest@51b7e5df]" name="addCustomerTest" duration-ms="10109" started-at="2019-12-18T19:25:41 IST" data-provider="bankManagerDP" finished-at="2019-12-18T19:25:51 IST">
          <params>
            <param index="0">
              <value>
                <![CDATA[{browser=firefox, postcode=X7878, Runmode=Y, lastname=k, firstname=arnav}]]>
              </value>
            </param>
          </params>
          <reporter-output>
          </reporter-output>
        </test-method> <!-- addCustomerTest -->
        <test-method status="PASS" signature="addCustomerTest(java.util.Hashtable)[pri:0, instance:com.w2a.suite.bankmanager.testcases.OpenAccountTest@51b7e5df]" name="addCustomerTest" duration-ms="43560" started-at="2019-12-18T19:25:41 IST" data-provider="bankManagerDP" finished-at="2019-12-18T19:26:25 IST">
          <params>
            <param index="0">
              <value>
                <![CDATA[{browser=firefox, postcode=X7878, Runmode=Y, lastname=k, firstname=jyoti}]]>
              </value>
            </param>
          </params>
          <reporter-output>
          </reporter-output>
        </test-method> <!-- addCustomerTest -->
        <test-method status="PASS" signature="tearDown()[pri:0, instance:com.w2a.suite.bankmanager.testcases.OpenAccountTest@51b7e5df]" name="tearDown" is-config="true" duration-ms="97" started-at="2019-12-18T19:25:48 IST" finished-at="2019-12-18T19:25:48 IST">
          <reporter-output>
          </reporter-output>
        </test-method> <!-- tearDown -->
        <test-method status="PASS" signature="tearDown()[pri:0, instance:com.w2a.suite.bankmanager.testcases.OpenAccountTest@51b7e5df]" name="tearDown" is-config="true" duration-ms="96" started-at="2019-12-18T19:25:51 IST" finished-at="2019-12-18T19:25:51 IST">
          <reporter-output>
          </reporter-output>
        </test-method> <!-- tearDown -->
        <test-method status="PASS" signature="tearDown()[pri:0, instance:com.w2a.suite.bankmanager.testcases.OpenAccountTest@51b7e5df]" name="tearDown" is-config="true" duration-ms="93" started-at="2019-12-18T19:26:25 IST" finished-at="2019-12-18T19:26:25 IST">
          <reporter-output>
          </reporter-output>
        </test-method> <!-- tearDown -->
        <test-method status="PASS" signature="openAccountTest(java.util.Hashtable)[pri:0, instance:com.w2a.suite.bankmanager.testcases.OpenAccountTest@51b7e5df]" name="openAccountTest" duration-ms="26671" depends-on-groups="customerCreation" started-at="2019-12-18T19:26:25 IST" data-provider="bankManagerDP" finished-at="2019-12-18T19:26:51 IST">
          <params>
            <param index="0">
              <value>
                <![CDATA[{currency=Rupee, browser=chrome, Runmode=Y, customer=manish k}]]>
              </value>
            </param>
          </params>
          <reporter-output>
          </reporter-output>
        </test-method> <!-- openAccountTest -->
        <test-method status="PASS" signature="openAccountTest(java.util.Hashtable)[pri:0, instance:com.w2a.suite.bankmanager.testcases.OpenAccountTest@51b7e5df]" name="openAccountTest" duration-ms="30625" depends-on-groups="customerCreation" started-at="2019-12-18T19:26:25 IST" data-provider="bankManagerDP" finished-at="2019-12-18T19:26:55 IST">
          <params>
            <param index="0">
              <value>
                <![CDATA[{currency=Dollar, browser=firefox, Runmode=Y, customer=jyoti k}]]>
              </value>
            </param>
          </params>
          <reporter-output>
          </reporter-output>
        </test-method> <!-- openAccountTest -->
        <test-method status="PASS" signature="openAccountTest(java.util.Hashtable)[pri:0, instance:com.w2a.suite.bankmanager.testcases.OpenAccountTest@51b7e5df]" name="openAccountTest" duration-ms="29877" depends-on-groups="customerCreation" started-at="2019-12-18T19:26:25 IST" data-provider="bankManagerDP" finished-at="2019-12-18T19:26:55 IST">
          <params>
            <param index="0">
              <value>
                <![CDATA[{currency=Dollar, browser=firefox, Runmode=Y, customer=arnav k}]]>
              </value>
            </param>
          </params>
          <reporter-output>
          </reporter-output>
        </test-method> <!-- openAccountTest -->
        <test-method status="PASS" signature="tearDown()[pri:0, instance:com.w2a.suite.bankmanager.testcases.OpenAccountTest@51b7e5df]" name="tearDown" is-config="true" duration-ms="93" started-at="2019-12-18T19:26:51 IST" finished-at="2019-12-18T19:26:52 IST">
          <reporter-output>
          </reporter-output>
        </test-method> <!-- tearDown -->
        <test-method status="PASS" signature="tearDown()[pri:0, instance:com.w2a.suite.bankmanager.testcases.OpenAccountTest@51b7e5df]" name="tearDown" is-config="true" duration-ms="94" started-at="2019-12-18T19:26:55 IST" finished-at="2019-12-18T19:26:55 IST">
          <reporter-output>
          </reporter-output>
        </test-method> <!-- tearDown -->
        <test-method status="PASS" signature="tearDown()[pri:0, instance:com.w2a.suite.bankmanager.testcases.OpenAccountTest@51b7e5df]" name="tearDown" is-config="true" duration-ms="95" started-at="2019-12-18T19:26:55 IST" finished-at="2019-12-18T19:26:55 IST">
          <reporter-output>
          </reporter-output>
        </test-method> <!-- tearDown -->
      </class> <!-- com.w2a.suite.bankmanager.testcases.OpenAccountTest -->
    </test> <!-- OpenAccountTest -->
  </suite> <!-- BankManagerSuite -->
</testng-results>
