<?xml version="1.0" encoding="UTF-8"?>
<testng-results skipped="0" failed="0" ignored="0" total="4" passed="4">
  <reporter-output>
  </reporter-output>
  <suite name="BankManagerSuite" duration-ms="9728" started-at="2019-12-17T21:00:31 IST" finished-at="2019-12-17T21:00:41 IST">
    <groups>
    </groups>
    <test name="AddCustomertest" duration-ms="5377" started-at="2019-12-17T21:00:31 IST" finished-at="2019-12-17T21:00:37 IST">
      <class name="com.w2a.suite.bankmanager.testcases.AddCustomerTest">
        <test-method status="PASS" signature="addCustomerTest(java.util.Hashtable)[pri:0, instance:com.w2a.suite.bankmanager.testcases.AddCustomerTest@4148db48]" name="addCustomerTest" duration-ms="4914" started-at="2019-12-17T21:00:32 IST" data-provider="bankManagerDP" finished-at="2019-12-17T21:00:37 IST">
          <params>
            <param index="0">
              <value>
                <![CDATA[{browser=firefox, postcode=X7878, Runmode=Y, lastname=k, firstname=jyoti}]]>
              </value>
            </param>
          </params>
          <reporter-output>
          </reporter-output>
        </test-method> <!-- addCustomerTest -->
        <test-method status="PASS" signature="addCustomerTest(java.util.Hashtable)[pri:0, instance:com.w2a.suite.bankmanager.testcases.AddCustomerTest@4148db48]" name="addCustomerTest" duration-ms="3458" started-at="2019-12-17T21:00:32 IST" data-provider="bankManagerDP" finished-at="2019-12-17T21:00:35 IST">
          <params>
            <param index="0">
              <value>
                <![CDATA[{browser=chrome, postcode=P6767, Runmode=Y, lastname=k, firstname=manish}]]>
              </value>
            </param>
          </params>
          <reporter-output>
          </reporter-output>
        </test-method> <!-- addCustomerTest -->
        <test-method status="PASS" signature="tearDown()[pri:0, instance:com.w2a.suite.bankmanager.testcases.AddCustomerTest@4148db48]" name="tearDown" is-config="true" duration-ms="306" started-at="2019-12-17T21:00:35 IST" finished-at="2019-12-17T21:00:36 IST">
          <reporter-output>
          </reporter-output>
        </test-method> <!-- tearDown -->
        <test-method status="PASS" signature="tearDown()[pri:0, instance:com.w2a.suite.bankmanager.testcases.AddCustomerTest@4148db48]" name="tearDown" is-config="true" duration-ms="96" started-at="2019-12-17T21:00:37 IST" finished-at="2019-12-17T21:00:37 IST">
          <reporter-output>
          </reporter-output>
        </test-method> <!-- tearDown -->
      </class> <!-- com.w2a.suite.bankmanager.testcases.AddCustomerTest -->
    </test> <!-- AddCustomertest -->
    <test name="OpenAccountTest" duration-ms="4303" started-at="2019-12-17T21:00:37 IST" finished-at="2019-12-17T21:00:41 IST">
      <class name="com.w2a.suite.bankmanager.testcases.OpenAccountTest">
        <test-method status="PASS" signature="openAccountTest(java.util.Hashtable)[pri:0, instance:com.w2a.suite.bankmanager.testcases.OpenAccountTest@6e38921c]" name="openAccountTest" duration-ms="2764" started-at="2019-12-17T21:00:37 IST" data-provider="bankManagerDP" finished-at="2019-12-17T21:00:40 IST">
          <params>
            <param index="0">
              <value>
                <![CDATA[{currency=Rupee, browser=chrome, Runmode=Y, customer=manish k}]]>
              </value>
            </param>
          </params>
          <reporter-output>
          </reporter-output>
        </test-method> <!-- openAccountTest -->
        <test-method status="PASS" signature="openAccountTest(java.util.Hashtable)[pri:0, instance:com.w2a.suite.bankmanager.testcases.OpenAccountTest@6e38921c]" name="openAccountTest" duration-ms="4191" started-at="2019-12-17T21:00:37 IST" data-provider="bankManagerDP" finished-at="2019-12-17T21:00:41 IST">
          <params>
            <param index="0">
              <value>
                <![CDATA[{currency=Dollar, browser=firefox, Runmode=Y, customer=jyoti k}]]>
              </value>
            </param>
          </params>
          <reporter-output>
          </reporter-output>
        </test-method> <!-- openAccountTest -->
        <test-method status="PASS" signature="tearDown()[pri:0, instance:com.w2a.suite.bankmanager.testcases.OpenAccountTest@6e38921c]" name="tearDown" is-config="true" duration-ms="151" started-at="2019-12-17T21:00:40 IST" finished-at="2019-12-17T21:00:40 IST">
          <reporter-output>
          </reporter-output>
        </test-method> <!-- tearDown -->
        <test-method status="PASS" signature="tearDown()[pri:0, instance:com.w2a.suite.bankmanager.testcases.OpenAccountTest@6e38921c]" name="tearDown" is-config="true" duration-ms="91" started-at="2019-12-17T21:00:41 IST" finished-at="2019-12-17T21:00:41 IST">
          <reporter-output>
          </reporter-output>
        </test-method> <!-- tearDown -->
      </class> <!-- com.w2a.suite.bankmanager.testcases.OpenAccountTest -->
    </test> <!-- OpenAccountTest -->
  </suite> <!-- BankManagerSuite -->
</testng-results>
